1561632073401	mozrunner::runner	INFO	Running command: "/usr/bin/firefox" "-marionette" "-foreground" "-no-remote" "-profile" "/tmp/rust_mozprofile.7h824SOa2Fvh"
1561632073921	addons.webextension.screenshots@mozilla.org	WARN	Loading extension 'screenshots@mozilla.org': Reading manifest: Invalid extension permission: mozillaAddons
1561632073922	addons.webextension.screenshots@mozilla.org	WARN	Loading extension 'screenshots@mozilla.org': Reading manifest: Invalid extension permission: resource://pdf.js/
1561632073922	addons.webextension.screenshots@mozilla.org	WARN	Loading extension 'screenshots@mozilla.org': Reading manifest: Invalid extension permission: about:reader*
1561632076749	Marionette	INFO	Listening on port 44977
1561632076832	Marionette	WARN	TLS certificate errors will be ignored for this session

(/usr/lib/firefox/firefox:6729): dconf-WARNING **: 13:41:19.015: Unable to open /var/lib/snapd/desktop/dconf/profile/user: Permission denied
1561632101881	Marionette	INFO	Stopped listening on port 44977
[Parent 6661, Gecko_IOThread] WARNING: pipe error (71): Connection reset by peer: file /build/firefox-ubqoiK/firefox-67.0.4+build1/ipc/chromium/src/chrome/common/ipc_channel_posix.cc, line 357
[Parent 6661, Gecko_IOThread] WARNING: pipe error (140): Connection reset by peer: file /build/firefox-ubqoiK/firefox-67.0.4+build1/ipc/chromium/src/chrome/common/ipc_channel_posix.cc, line 357
1561632231068	mozrunner::runner	INFO	Running command: "/usr/bin/firefox" "-marionette" "-foreground" "-no-remote" "-profile" "/tmp/rust_mozprofile.OzMS2poJZmz2"
1561632231532	addons.webextension.screenshots@mozilla.org	WARN	Loading extension 'screenshots@mozilla.org': Reading manifest: Invalid extension permission: mozillaAddons
1561632231532	addons.webextension.screenshots@mozilla.org	WARN	Loading extension 'screenshots@mozilla.org': Reading manifest: Invalid extension permission: resource://pdf.js/
1561632231532	addons.webextension.screenshots@mozilla.org	WARN	Loading extension 'screenshots@mozilla.org': Reading manifest: Invalid extension permission: about:reader*
1561632233891	Marionette	INFO	Listening on port 46597
1561632233987	Marionette	WARN	TLS certificate errors will be ignored for this session

(/usr/lib/firefox/firefox:7622): dconf-WARNING **: 13:43:57.640: Unable to open /var/lib/snapd/desktop/dconf/profile/user: Permission denied
console.error: BroadcastService: 
  receivedBroadcastMessage: handler for
  remote-settings/monitor_changes
  threw error:
  Message: Error: Polling for changes failed: http://%(server)s/dummy/blocklist//buckets/monitor/collections/changes/records?_expected=%221561593607939%22 is not a valid URL..
  Stack:
    remoteSettingsFunction/remoteSettings.pollChanges@resource://services-settings/remote-settings.js:203:13

1561632262143	Marionette	INFO	Stopped listening on port 46597
JavaScript error: resource://gre/modules/WebProgressChild.jsm, line 61: TypeError: this.mm.content is null

###!!! [Child][MessageChannel] Error: (msgtype=0x530005,name=PHttpChannel::Msg_Cancel) Closed channel: cannot send/recv


###!!! [Child][MessageChannel] Error: (msgtype=0x530005,name=PHttpChannel::Msg_Cancel) Closed channel: cannot send/recv

[Parent 7542, Gecko_IOThread] WARNING: pipe error (115): Connection reset by peer: file /build/firefox-ubqoiK/firefox-67.0.4+build1/ipc/chromium/src/chrome/common/ipc_channel_posix.cc, line 357
